<?xml version="1.0" encoding="UTF-8"?>
<coverage generated="1544502905">
  <project timestamp="1544502905">
    <package name="PhpLisp\Psp\Exceptions">
      <file name="/Users/wujunze/my/php-lisp/php-lisp/src/Exceptions/Exception.php">
        <class name="PhpLisp\Psp\Exceptions\Exception" namespace="PhpLisp\Psp\Exceptions">
          <metrics complexity="0" methods="0" coveredmethods="0" conditionals="0" coveredconditionals="0" statements="0" coveredstatements="0" elements="0" coveredelements="0"/>
        </class>
        <metrics loc="13" ncloc="7" classes="0" methods="0" coveredmethods="0" conditionals="0" coveredconditionals="0" statements="0" coveredstatements="0" elements="0" coveredelements="0"/>
      </file>
    </package>
    <file name="/Users/wujunze/my/php-lisp/php-lisp/src/Runtime/Macro.php">
      <class name="Macro" namespace="global">
        <metrics complexity="0" methods="0" coveredmethods="0" conditionals="0" coveredconditionals="0" statements="0" coveredstatements="0" elements="0" coveredelements="0"/>
      </class>
      <metrics loc="11" ncloc="5" classes="0" methods="0" coveredmethods="0" conditionals="0" coveredconditionals="0" statements="0" coveredstatements="0" elements="0" coveredelements="0"/>
    </file>
    <metrics files="2" loc="24" ncloc="12" classes="0" methods="0" coveredmethods="0" conditionals="0" coveredconditionals="0" statements="0" coveredstatements="0" elements="0" coveredelements="0"/>
  </project>
</coverage>
